e:\b_vspro\hitest2\hitest\project1\x64\debug\vc142.pdb
e:\b_vspro\hitest2\hitest\project1\x64\debug\vc142.idb
e:\b_vspro\hitest2\hitest\project1\x64\debug\minstock.obj
e:\b_vspro\hitest2\hitest\project1\x64\debug\matrix.obj
e:\b_vspro\hitest2\hitest\project1\x64\debug\mathutil.obj
e:\b_vspro\hitest2\hitest\project1\x64\debug\levmarq.obj
e:\b_vspro\hitest2\hitest\project1\x64\debug\hermitecurve.obj
e:\b_vspro\hitest2\hitest\project1\x64\debug\funclass.obj
e:\b_vspro\hitest2\hitest\project1\x64\debug\flavorfile.obj
e:\b_vspro\hitest2\hitest\project1\x64\debug\flavor.obj
e:\b_vspro\hitest2\hitest\project1\x64\debug\exportfunclass.obj
e:\b_vspro\hitest2\hitest\project1\x64\debug\eigenabstractcurve.obj
e:\b_vspro\hitest2\hitest\project1\x64\debug\dimension.obj
e:\b_vspro\hitest2\hitest\project1\x64\debug\curvepolygon.obj
e:\b_vspro\hitest2\hitest\project1\x64\debug\curve.obj
e:\b_vspro\hitest2\hitest\project1\x64\debug\circle.obj
e:\b_vspro\hitest2\hitest\project1\x64\debug\bladeerror.obj
e:\b_vspro\hitest2\hitest\project1\x64\debug\analysis.obj
e:\b_vspro\hitest2\hitest\project1\x64\debug\anafile.obj
e:\b_vspro\hitest2\hitest\project1\x64\debug\alignment.obj
e:\b_vspro\hitest2\hitest\project1\x64\debug\aes.obj
e:\b_vspro\hitest2\hitest\project1\x64\debug\abstractcurve.obj
e:\b_vspro\hitest2\hitest\project1\x64\debug\subcurve.obj
e:\b_vspro\hitest2\hitest\project1\x64\debug\stringutil.obj
e:\b_vspro\hitest2\hitest\project1\x64\debug\stdafx.obj
e:\b_vspro\hitest2\hitest\project1\x64\debug\sorter.obj
e:\b_vspro\hitest2\hitest\project1\x64\debug\smallestcircle.obj
e:\b_vspro\hitest2\hitest\project1\x64\debug\sectioncurve.obj
e:\b_vspro\hitest2\hitest\project1\x64\debug\odrspline.obj
e:\b_vspro\hitest2\hitest\project1\x64\debug\nurb.obj
e:\b_vspro\hitest2\hitest\project1\x64\debug\project1.ilk
e:\b_vspro\hitest2\hitest\hitest\bin\debug\project1.dll
e:\b_vspro\hitest2\hitest\hitest\bin\debug\project1.pdb
e:\b_vspro\hitest2\hitest\hitest\bin\debug\project1.lib
e:\b_vspro\hitest2\hitest\hitest\bin\debug\project1.exp
e:\b_vspro\hitest2\hitest\project1\x64\debug\project1.tlog\cl.command.1.tlog
e:\b_vspro\hitest2\hitest\project1\x64\debug\project1.tlog\cl.read.1.tlog
e:\b_vspro\hitest2\hitest\project1\x64\debug\project1.tlog\cl.write.1.tlog
e:\b_vspro\hitest2\hitest\project1\x64\debug\project1.tlog\link.command.1.tlog
e:\b_vspro\hitest2\hitest\project1\x64\debug\project1.tlog\link.read.1.tlog
e:\b_vspro\hitest2\hitest\project1\x64\debug\project1.tlog\link.write.1.tlog
e:\b_vspro\hitest2\hitest\project1\x64\debug\project1.tlog\project1.write.1u.tlog
